{"/Users/weneville/Documents/Personal/Projects/Coding/Hactiv/ip-hck64-Wenev/server/URLs.js": {"path":"/Users/weneville/Documents/Personal/Projects/Coding/Hactiv/ip-hck64-Wenev/server/URLs.js","statementMap":{"0":{"start":{"line":1,"column":20},"end":{"line":1,"column":46}},"1":{"start":{"line":3,"column":0},"end":{"line":6,"column":1}}},"fnMap":{},"branchMap":{},"s":{"0":3,"1":3},"f":{},"b":{},"_coverageSchema":"1a1c01bbd47fc00a2c39e90264f33305004495a9","hash":"da834f47c91ac4ec8972528c2cc3eaea422f583c"}
,"/Users/weneville/Documents/Personal/Projects/Coding/Hactiv/ip-hck64-Wenev/server/app.js": {"path":"/Users/weneville/Documents/Personal/Projects/Coding/Hactiv/ip-hck64-Wenev/server/app.js","statementMap":{"0":{"start":{"line":1,"column":0},"end":{"line":3,"column":1}},"1":{"start":{"line":2,"column":4},"end":{"line":2,"column":31}},"2":{"start":{"line":5,"column":16},"end":{"line":5,"column":34}},"3":{"start":{"line":6,"column":12},"end":{"line":6,"column":21}},"4":{"start":{"line":7,"column":13},"end":{"line":7,"column":37}},"5":{"start":{"line":8,"column":13},"end":{"line":8,"column":28}},"6":{"start":{"line":9,"column":33},"end":{"line":9,"column":85}},"7":{"start":{"line":10,"column":29},"end":{"line":10,"column":77}},"8":{"start":{"line":11,"column":23},"end":{"line":11,"column":65}},"9":{"start":{"line":12,"column":23},"end":{"line":12,"column":65}},"10":{"start":{"line":13,"column":21},"end":{"line":13,"column":61}},"11":{"start":{"line":14,"column":31},"end":{"line":14,"column":72}},"12":{"start":{"line":16,"column":0},"end":{"line":16,"column":16}},"13":{"start":{"line":17,"column":0},"end":{"line":17,"column":45}},"14":{"start":{"line":18,"column":0},"end":{"line":18,"column":24}},"15":{"start":{"line":20,"column":0},"end":{"line":20,"column":51}},"16":{"start":{"line":22,"column":0},"end":{"line":22,"column":45}},"17":{"start":{"line":24,"column":0},"end":{"line":24,"column":64}},"18":{"start":{"line":26,"column":0},"end":{"line":26,"column":76}},"19":{"start":{"line":28,"column":0},"end":{"line":28,"column":80}},"20":{"start":{"line":30,"column":0},"end":{"line":30,"column":24}},"21":{"start":{"line":32,"column":0},"end":{"line":32,"column":62}},"22":{"start":{"line":34,"column":0},"end":{"line":34,"column":83}},"23":{"start":{"line":36,"column":0},"end":{"line":36,"column":84}},"24":{"start":{"line":38,"column":0},"end":{"line":38,"column":94}},"25":{"start":{"line":40,"column":0},"end":{"line":40,"column":101}},"26":{"start":{"line":42,"column":0},"end":{"line":42,"column":104}},"27":{"start":{"line":44,"column":0},"end":{"line":44,"column":65}},"28":{"start":{"line":46,"column":0},"end":{"line":46,"column":22}},"29":{"start":{"line":48,"column":0},"end":{"line":48,"column":21}}},"fnMap":{},"branchMap":{"0":{"loc":{"start":{"line":1,"column":0},"end":{"line":3,"column":1}},"type":"if","locations":[{"start":{"line":1,"column":0},"end":{"line":3,"column":1}},{"start":{},"end":{}}],"line":1},"1":{"loc":{"start":{"line":7,"column":13},"end":{"line":7,"column":37}},"type":"binary-expr","locations":[{"start":{"line":7,"column":13},"end":{"line":7,"column":29}},{"start":{"line":7,"column":33},"end":{"line":7,"column":37}}],"line":7}},"s":{"0":3,"1":3,"2":3,"3":3,"4":3,"5":3,"6":3,"7":3,"8":3,"9":3,"10":3,"11":3,"12":3,"13":3,"14":3,"15":3,"16":3,"17":3,"18":3,"19":3,"20":3,"21":3,"22":3,"23":3,"24":3,"25":3,"26":3,"27":3,"28":3,"29":3},"f":{},"b":{"0":[3,0],"1":[3,3]},"_coverageSchema":"1a1c01bbd47fc00a2c39e90264f33305004495a9","hash":"36434e6408fc019ea943db9310617167a1b3d87f"}
,"/Users/weneville/Documents/Personal/Projects/Coding/Hactiv/ip-hck64-Wenev/server/controllers/CardCollectionController.js": {"path":"/Users/weneville/Documents/Personal/Projects/Coding/Hactiv/ip-hck64-Wenev/server/controllers/CardCollectionController.js","statementMap":{"0":{"start":{"line":1,"column":14},"end":{"line":1,"column":30}},"1":{"start":{"line":2,"column":24},"end":{"line":2,"column":45}},"2":{"start":{"line":3,"column":39},"end":{"line":3,"column":59}},"3":{"start":{"line":4,"column":18},"end":{"line":4,"column":48}},"4":{"start":{"line":8,"column":8},"end":{"line":40,"column":9}},"5":{"start":{"line":9,"column":57},"end":{"line":9,"column":65}},"6":{"start":{"line":11,"column":12},"end":{"line":13,"column":13}},"7":{"start":{"line":12,"column":16},"end":{"line":12,"column":84}},"8":{"start":{"line":15,"column":29},"end":{"line":18,"column":14}},"9":{"start":{"line":19,"column":12},"end":{"line":19,"column":28}},"10":{"start":{"line":21,"column":37},"end":{"line":21,"column":47}},"11":{"start":{"line":23,"column":39},"end":{"line":23,"column":78}},"12":{"start":{"line":25,"column":12},"end":{"line":27,"column":13}},"13":{"start":{"line":26,"column":16},"end":{"line":26,"column":57}},"14":{"start":{"line":29,"column":28},"end":{"line":34,"column":14}},"15":{"start":{"line":36,"column":12},"end":{"line":36,"column":108}},"16":{"start":{"line":39,"column":12},"end":{"line":39,"column":24}},"17":{"start":{"line":43,"column":8},"end":{"line":57,"column":9}},"18":{"start":{"line":44,"column":31},"end":{"line":44,"column":40}},"19":{"start":{"line":45,"column":35},"end":{"line":45,"column":61}},"20":{"start":{"line":47,"column":29},"end":{"line":50,"column":14}},"21":{"start":{"line":51,"column":12},"end":{"line":51,"column":28}},"22":{"start":{"line":53,"column":12},"end":{"line":53,"column":39}},"23":{"start":{"line":56,"column":12},"end":{"line":56,"column":24}},"24":{"start":{"line":61,"column":0},"end":{"line":61,"column":41}}},"fnMap":{"0":{"name":"(anonymous_0)","decl":{"start":{"line":7,"column":4},"end":{"line":7,"column":5}},"loc":{"start":{"line":7,"column":53},"end":{"line":41,"column":5}},"line":7},"1":{"name":"(anonymous_1)","decl":{"start":{"line":42,"column":4},"end":{"line":42,"column":5}},"loc":{"start":{"line":42,"column":54},"end":{"line":58,"column":5}},"line":42}},"branchMap":{"0":{"loc":{"start":{"line":11,"column":12},"end":{"line":13,"column":13}},"type":"if","locations":[{"start":{"line":11,"column":12},"end":{"line":13,"column":13}},{"start":{},"end":{}}],"line":11},"1":{"loc":{"start":{"line":25,"column":12},"end":{"line":27,"column":13}},"type":"if","locations":[{"start":{"line":25,"column":12},"end":{"line":27,"column":13}},{"start":{},"end":{}}],"line":25}},"s":{"0":3,"1":3,"2":3,"3":3,"4":6,"5":6,"6":6,"7":1,"8":5,"9":4,"10":4,"11":4,"12":4,"13":1,"14":3,"15":1,"16":5,"17":1,"18":1,"19":1,"20":1,"21":1,"22":1,"23":0,"24":3},"f":{"0":6,"1":1},"b":{"0":[1,5],"1":[1,3]},"_coverageSchema":"1a1c01bbd47fc00a2c39e90264f33305004495a9","hash":"b2e3e2731df8a9d2ea6c98f56f525c9b652a9606"}
,"/Users/weneville/Documents/Personal/Projects/Coding/Hactiv/ip-hck64-Wenev/server/controllers/CollectionController.js": {"path":"/Users/weneville/Documents/Personal/Projects/Coding/Hactiv/ip-hck64-Wenev/server/controllers/CollectionController.js","statementMap":{"0":{"start":{"line":1,"column":27},"end":{"line":1,"column":43}},"1":{"start":{"line":2,"column":18},"end":{"line":2,"column":45}},"2":{"start":{"line":3,"column":45},"end":{"line":3,"column":65}},"3":{"start":{"line":4,"column":24},"end":{"line":4,"column":42}},"4":{"start":{"line":8,"column":8},"end":{"line":15,"column":9}},"5":{"start":{"line":9,"column":35},"end":{"line":9,"column":61}},"6":{"start":{"line":11,"column":12},"end":{"line":11,"column":49}},"7":{"start":{"line":14,"column":12},"end":{"line":14,"column":24}},"8":{"start":{"line":18,"column":8},"end":{"line":32,"column":9}},"9":{"start":{"line":19,"column":52},"end":{"line":19,"column":60}},"10":{"start":{"line":20,"column":27},"end":{"line":20,"column":38}},"11":{"start":{"line":22,"column":34},"end":{"line":26,"column":14}},"12":{"start":{"line":28,"column":12},"end":{"line":28,"column":99}},"13":{"start":{"line":31,"column":12},"end":{"line":31,"column":24}},"14":{"start":{"line":35,"column":8},"end":{"line":50,"column":9}},"15":{"start":{"line":36,"column":33},"end":{"line":36,"column":43}},"16":{"start":{"line":38,"column":33},"end":{"line":38,"column":86}},"17":{"start":{"line":40,"column":12},"end":{"line":42,"column":13}},"18":{"start":{"line":41,"column":16},"end":{"line":41,"column":57}},"19":{"start":{"line":44,"column":36},"end":{"line":44,"column":100}},"20":{"start":{"line":46,"column":12},"end":{"line":46,"column":50}},"21":{"start":{"line":49,"column":12},"end":{"line":49,"column":24}},"22":{"start":{"line":53,"column":8},"end":{"line":83,"column":9}},"23":{"start":{"line":54,"column":37},"end":{"line":54,"column":47}},"24":{"start":{"line":56,"column":31},"end":{"line":64,"column":14}},"25":{"start":{"line":66,"column":12},"end":{"line":68,"column":13}},"26":{"start":{"line":67,"column":16},"end":{"line":67,"column":57}},"27":{"start":{"line":70,"column":12},"end":{"line":77,"column":15}},"28":{"start":{"line":71,"column":16},"end":{"line":74,"column":18}},"29":{"start":{"line":75,"column":16},"end":{"line":75,"column":32}},"30":{"start":{"line":76,"column":16},"end":{"line":76,"column":28}},"31":{"start":{"line":79,"column":12},"end":{"line":79,"column":45}},"32":{"start":{"line":82,"column":12},"end":{"line":82,"column":24}},"33":{"start":{"line":86,"column":8},"end":{"line":106,"column":9}},"34":{"start":{"line":87,"column":52},"end":{"line":87,"column":60}},"35":{"start":{"line":88,"column":27},"end":{"line":88,"column":38}},"36":{"start":{"line":89,"column":37},"end":{"line":89,"column":47}},"37":{"start":{"line":90,"column":35},"end":{"line":98,"column":14}},"38":{"start":{"line":99,"column":12},"end":{"line":99,"column":68}},"39":{"start":{"line":102,"column":12},"end":{"line":102,"column":79}},"40":{"start":{"line":105,"column":12},"end":{"line":105,"column":24}},"41":{"start":{"line":110,"column":0},"end":{"line":110,"column":37}}},"fnMap":{"0":{"name":"(anonymous_0)","decl":{"start":{"line":7,"column":4},"end":{"line":7,"column":5}},"loc":{"start":{"line":7,"column":51},"end":{"line":16,"column":5}},"line":7},"1":{"name":"(anonymous_1)","decl":{"start":{"line":17,"column":4},"end":{"line":17,"column":5}},"loc":{"start":{"line":17,"column":48},"end":{"line":33,"column":5}},"line":17},"2":{"name":"(anonymous_2)","decl":{"start":{"line":34,"column":4},"end":{"line":34,"column":5}},"loc":{"start":{"line":34,"column":53},"end":{"line":51,"column":5}},"line":34},"3":{"name":"(anonymous_3)","decl":{"start":{"line":52,"column":4},"end":{"line":52,"column":5}},"loc":{"start":{"line":52,"column":54},"end":{"line":84,"column":5}},"line":52},"4":{"name":"(anonymous_4)","decl":{"start":{"line":70,"column":33},"end":{"line":70,"column":34}},"loc":{"start":{"line":70,"column":49},"end":{"line":77,"column":13}},"line":70},"5":{"name":"(anonymous_5)","decl":{"start":{"line":85,"column":4},"end":{"line":85,"column":5}},"loc":{"start":{"line":85,"column":48},"end":{"line":107,"column":5}},"line":85}},"branchMap":{"0":{"loc":{"start":{"line":40,"column":12},"end":{"line":42,"column":13}},"type":"if","locations":[{"start":{"line":40,"column":12},"end":{"line":42,"column":13}},{"start":{},"end":{}}],"line":40},"1":{"loc":{"start":{"line":66,"column":12},"end":{"line":68,"column":13}},"type":"if","locations":[{"start":{"line":66,"column":12},"end":{"line":68,"column":13}},{"start":{},"end":{}}],"line":66}},"s":{"0":3,"1":3,"2":3,"3":3,"4":1,"5":1,"6":1,"7":0,"8":2,"9":2,"10":2,"11":2,"12":1,"13":1,"14":2,"15":2,"16":2,"17":2,"18":1,"19":1,"20":1,"21":1,"22":2,"23":2,"24":2,"25":2,"26":1,"27":1,"28":2,"29":0,"30":0,"31":1,"32":1,"33":2,"34":2,"35":2,"36":2,"37":2,"38":1,"39":1,"40":1,"41":3},"f":{"0":1,"1":2,"2":2,"3":2,"4":2,"5":2},"b":{"0":[1,1],"1":[1,1]},"_coverageSchema":"1a1c01bbd47fc00a2c39e90264f33305004495a9","hash":"ddccdad007eac6d358f668145b3e2aa10822d388"}
,"/Users/weneville/Documents/Personal/Projects/Coding/Hactiv/ip-hck64-Wenev/server/controllers/UserController.js": {"path":"/Users/weneville/Documents/Personal/Projects/Coding/Hactiv/ip-hck64-Wenev/server/controllers/UserController.js","statementMap":{"0":{"start":{"line":1,"column":17},"end":{"line":1,"column":37}},"1":{"start":{"line":2,"column":24},"end":{"line":2,"column":55}},"2":{"start":{"line":3,"column":24},"end":{"line":3,"column":52}},"3":{"start":{"line":7,"column":8},"end":{"line":21,"column":9}},"4":{"start":{"line":8,"column":71},"end":{"line":8,"column":79}},"5":{"start":{"line":9,"column":29},"end":{"line":15,"column":14}},"6":{"start":{"line":17,"column":12},"end":{"line":17,"column":92}},"7":{"start":{"line":20,"column":12},"end":{"line":20,"column":24}},"8":{"start":{"line":24,"column":8},"end":{"line":64,"column":9}},"9":{"start":{"line":25,"column":50},"end":{"line":25,"column":58}},"10":{"start":{"line":27,"column":12},"end":{"line":29,"column":13}},"11":{"start":{"line":28,"column":16},"end":{"line":28,"column":72}},"12":{"start":{"line":31,"column":12},"end":{"line":33,"column":13}},"13":{"start":{"line":32,"column":16},"end":{"line":32,"column":66}},"14":{"start":{"line":36,"column":12},"end":{"line":41,"column":13}},"15":{"start":{"line":37,"column":16},"end":{"line":37,"column":70}},"16":{"start":{"line":39,"column":17},"end":{"line":41,"column":13}},"17":{"start":{"line":40,"column":16},"end":{"line":40,"column":76}},"18":{"start":{"line":43,"column":12},"end":{"line":45,"column":13}},"19":{"start":{"line":44,"column":16},"end":{"line":44,"column":50}},"20":{"start":{"line":47,"column":36},"end":{"line":47,"column":72}},"21":{"start":{"line":48,"column":12},"end":{"line":50,"column":13}},"22":{"start":{"line":49,"column":16},"end":{"line":49,"column":50}},"23":{"start":{"line":52,"column":26},"end":{"line":52,"column":54}},"24":{"start":{"line":54,"column":12},"end":{"line":54,"column":58}},"25":{"start":{"line":57,"column":12},"end":{"line":59,"column":13}},"26":{"start":{"line":58,"column":16},"end":{"line":58,"column":67}},"27":{"start":{"line":60,"column":12},"end":{"line":62,"column":13}},"28":{"start":{"line":61,"column":16},"end":{"line":61,"column":66}},"29":{"start":{"line":63,"column":12},"end":{"line":63,"column":24}},"30":{"start":{"line":68,"column":0},"end":{"line":68,"column":31}}},"fnMap":{"0":{"name":"(anonymous_0)","decl":{"start":{"line":6,"column":4},"end":{"line":6,"column":5}},"loc":{"start":{"line":6,"column":46},"end":{"line":22,"column":5}},"line":6},"1":{"name":"(anonymous_1)","decl":{"start":{"line":23,"column":4},"end":{"line":23,"column":5}},"loc":{"start":{"line":23,"column":43},"end":{"line":65,"column":5}},"line":23}},"branchMap":{"0":{"loc":{"start":{"line":27,"column":12},"end":{"line":29,"column":13}},"type":"if","locations":[{"start":{"line":27,"column":12},"end":{"line":29,"column":13}},{"start":{},"end":{}}],"line":27},"1":{"loc":{"start":{"line":27,"column":15},"end":{"line":27,"column":34}},"type":"binary-expr","locations":[{"start":{"line":27,"column":15},"end":{"line":27,"column":24}},{"start":{"line":27,"column":28},"end":{"line":27,"column":34}}],"line":27},"2":{"loc":{"start":{"line":31,"column":12},"end":{"line":33,"column":13}},"type":"if","locations":[{"start":{"line":31,"column":12},"end":{"line":33,"column":13}},{"start":{},"end":{}}],"line":31},"3":{"loc":{"start":{"line":36,"column":12},"end":{"line":41,"column":13}},"type":"if","locations":[{"start":{"line":36,"column":12},"end":{"line":41,"column":13}},{"start":{"line":39,"column":17},"end":{"line":41,"column":13}}],"line":36},"4":{"loc":{"start":{"line":39,"column":17},"end":{"line":41,"column":13}},"type":"if","locations":[{"start":{"line":39,"column":17},"end":{"line":41,"column":13}},{"start":{},"end":{}}],"line":39},"5":{"loc":{"start":{"line":43,"column":12},"end":{"line":45,"column":13}},"type":"if","locations":[{"start":{"line":43,"column":12},"end":{"line":45,"column":13}},{"start":{},"end":{}}],"line":43},"6":{"loc":{"start":{"line":48,"column":12},"end":{"line":50,"column":13}},"type":"if","locations":[{"start":{"line":48,"column":12},"end":{"line":50,"column":13}},{"start":{},"end":{}}],"line":48},"7":{"loc":{"start":{"line":57,"column":12},"end":{"line":59,"column":13}},"type":"if","locations":[{"start":{"line":57,"column":12},"end":{"line":59,"column":13}},{"start":{},"end":{}}],"line":57},"8":{"loc":{"start":{"line":60,"column":12},"end":{"line":62,"column":13}},"type":"if","locations":[{"start":{"line":60,"column":12},"end":{"line":62,"column":13}},{"start":{},"end":{}}],"line":60}},"s":{"0":3,"1":3,"2":3,"3":5,"4":5,"5":5,"6":1,"7":4,"8":6,"9":6,"10":6,"11":1,"12":5,"13":1,"14":4,"15":3,"16":1,"17":1,"18":4,"19":1,"20":3,"21":3,"22":1,"23":2,"24":2,"25":4,"26":2,"27":4,"28":2,"29":4,"30":3},"f":{"0":5,"1":6},"b":{"0":[1,5],"1":[6,5],"2":[1,4],"3":[3,1],"4":[1,0],"5":[1,3],"6":[1,2],"7":[2,2],"8":[2,2]},"_coverageSchema":"1a1c01bbd47fc00a2c39e90264f33305004495a9","hash":"1f823efc21abf06803f2ff2b377325bace01e0c7"}
,"/Users/weneville/Documents/Personal/Projects/Coding/Hactiv/ip-hck64-Wenev/server/helpers/bcrypt.js": {"path":"/Users/weneville/Documents/Personal/Projects/Coding/Hactiv/ip-hck64-Wenev/server/helpers/bcrypt.js","statementMap":{"0":{"start":{"line":1,"column":15},"end":{"line":1,"column":32}},"1":{"start":{"line":4,"column":4},"end":{"line":4,"column":62}},"2":{"start":{"line":8,"column":4},"end":{"line":8,"column":53}},"3":{"start":{"line":11,"column":0},"end":{"line":14,"column":1}}},"fnMap":{"0":{"name":"hashPass","decl":{"start":{"line":3,"column":9},"end":{"line":3,"column":17}},"loc":{"start":{"line":3,"column":29},"end":{"line":5,"column":1}},"line":3},"1":{"name":"comparePass","decl":{"start":{"line":7,"column":9},"end":{"line":7,"column":20}},"loc":{"start":{"line":7,"column":44},"end":{"line":9,"column":1}},"line":7}},"branchMap":{},"s":{"0":3,"1":7,"2":3,"3":3},"f":{"0":7,"1":3},"b":{},"_coverageSchema":"1a1c01bbd47fc00a2c39e90264f33305004495a9","hash":"70c11d39519e3e2de60e0c03958fc85ea54a032a"}
,"/Users/weneville/Documents/Personal/Projects/Coding/Hactiv/ip-hck64-Wenev/server/helpers/delay.js": {"path":"/Users/weneville/Documents/Personal/Projects/Coding/Hactiv/ip-hck64-Wenev/server/helpers/delay.js","statementMap":{"0":{"start":{"line":2,"column":4},"end":{"line":4,"column":7}},"1":{"start":{"line":3,"column":8},"end":{"line":3,"column":37}},"2":{"start":{"line":7,"column":0},"end":{"line":9,"column":1}}},"fnMap":{"0":{"name":"delay","decl":{"start":{"line":1,"column":9},"end":{"line":1,"column":14}},"loc":{"start":{"line":1,"column":24},"end":{"line":5,"column":1}},"line":1},"1":{"name":"(anonymous_1)","decl":{"start":{"line":2,"column":23},"end":{"line":2,"column":24}},"loc":{"start":{"line":2,"column":50},"end":{"line":4,"column":5}},"line":2}},"branchMap":{},"s":{"0":5,"1":5,"2":3},"f":{"0":5,"1":5},"b":{},"_coverageSchema":"1a1c01bbd47fc00a2c39e90264f33305004495a9","hash":"05afd2c9e522431cce7dfd2898ad148e7bf8b8cc"}
,"/Users/weneville/Documents/Personal/Projects/Coding/Hactiv/ip-hck64-Wenev/server/helpers/jwt.js": {"path":"/Users/weneville/Documents/Personal/Projects/Coding/Hactiv/ip-hck64-Wenev/server/helpers/jwt.js","statementMap":{"0":{"start":{"line":1,"column":12},"end":{"line":1,"column":35}},"1":{"start":{"line":2,"column":15},"end":{"line":2,"column":37}},"2":{"start":{"line":5,"column":4},"end":{"line":5,"column":37}},"3":{"start":{"line":9,"column":4},"end":{"line":9,"column":37}},"4":{"start":{"line":12,"column":0},"end":{"line":15,"column":1}}},"fnMap":{"0":{"name":"createToken","decl":{"start":{"line":4,"column":9},"end":{"line":4,"column":20}},"loc":{"start":{"line":4,"column":30},"end":{"line":6,"column":1}},"line":4},"1":{"name":"decodeToken","decl":{"start":{"line":8,"column":9},"end":{"line":8,"column":20}},"loc":{"start":{"line":8,"column":28},"end":{"line":10,"column":1}},"line":8}},"branchMap":{},"s":{"0":3,"1":3,"2":6,"3":17,"4":3},"f":{"0":6,"1":17},"b":{},"_coverageSchema":"1a1c01bbd47fc00a2c39e90264f33305004495a9","hash":"6d340b938368a8a4ed52b1e5de6e1cda4a49909f"}
,"/Users/weneville/Documents/Personal/Projects/Coding/Hactiv/ip-hck64-Wenev/server/middlewares/authentication.js": {"path":"/Users/weneville/Documents/Personal/Projects/Coding/Hactiv/ip-hck64-Wenev/server/middlewares/authentication.js","statementMap":{"0":{"start":{"line":1,"column":24},"end":{"line":1,"column":52}},"1":{"start":{"line":2,"column":17},"end":{"line":2,"column":37}},"2":{"start":{"line":5,"column":4},"end":{"line":31,"column":5}},"3":{"start":{"line":6,"column":34},"end":{"line":6,"column":45}},"4":{"start":{"line":7,"column":8},"end":{"line":9,"column":9}},"5":{"start":{"line":8,"column":12},"end":{"line":8,"column":77}},"6":{"start":{"line":10,"column":25},"end":{"line":10,"column":49}},"7":{"start":{"line":11,"column":8},"end":{"line":13,"column":9}},"8":{"start":{"line":12,"column":12},"end":{"line":12,"column":71}},"9":{"start":{"line":14,"column":8},"end":{"line":16,"column":9}},"10":{"start":{"line":15,"column":12},"end":{"line":15,"column":74}},"11":{"start":{"line":18,"column":22},"end":{"line":18,"column":33}},"12":{"start":{"line":20,"column":24},"end":{"line":20,"column":42}},"13":{"start":{"line":21,"column":21},"end":{"line":21,"column":52}},"14":{"start":{"line":22,"column":8},"end":{"line":24,"column":9}},"15":{"start":{"line":23,"column":12},"end":{"line":23,"column":70}},"16":{"start":{"line":26,"column":8},"end":{"line":26,"column":24}},"17":{"start":{"line":27,"column":8},"end":{"line":27,"column":15}},"18":{"start":{"line":30,"column":8},"end":{"line":30,"column":20}},"19":{"start":{"line":34,"column":0},"end":{"line":34,"column":32}}},"fnMap":{"0":{"name":"authentication","decl":{"start":{"line":4,"column":15},"end":{"line":4,"column":29}},"loc":{"start":{"line":4,"column":46},"end":{"line":32,"column":1}},"line":4}},"branchMap":{"0":{"loc":{"start":{"line":7,"column":8},"end":{"line":9,"column":9}},"type":"if","locations":[{"start":{"line":7,"column":8},"end":{"line":9,"column":9}},{"start":{},"end":{}}],"line":7},"1":{"loc":{"start":{"line":11,"column":8},"end":{"line":13,"column":9}},"type":"if","locations":[{"start":{"line":11,"column":8},"end":{"line":13,"column":9}},{"start":{},"end":{}}],"line":11},"2":{"loc":{"start":{"line":14,"column":8},"end":{"line":16,"column":9}},"type":"if","locations":[{"start":{"line":14,"column":8},"end":{"line":16,"column":9}},{"start":{},"end":{}}],"line":14},"3":{"loc":{"start":{"line":22,"column":8},"end":{"line":24,"column":9}},"type":"if","locations":[{"start":{"line":22,"column":8},"end":{"line":24,"column":9}},{"start":{},"end":{}}],"line":22}},"s":{"0":3,"1":3,"2":21,"3":21,"4":21,"5":4,"6":17,"7":17,"8":0,"9":17,"10":0,"11":17,"12":17,"13":13,"14":13,"15":0,"16":13,"17":13,"18":8,"19":3},"f":{"0":21},"b":{"0":[4,17],"1":[0,17],"2":[0,17],"3":[0,13]},"_coverageSchema":"1a1c01bbd47fc00a2c39e90264f33305004495a9","hash":"5289c523543665876369b76e2062749700b07faa"}
,"/Users/weneville/Documents/Personal/Projects/Coding/Hactiv/ip-hck64-Wenev/server/middlewares/authorization.js": {"path":"/Users/weneville/Documents/Personal/Projects/Coding/Hactiv/ip-hck64-Wenev/server/middlewares/authorization.js","statementMap":{"0":{"start":{"line":1,"column":45},"end":{"line":1,"column":65}},"1":{"start":{"line":4,"column":4},"end":{"line":21,"column":5}},"2":{"start":{"line":5,"column":33},"end":{"line":5,"column":43}},"3":{"start":{"line":6,"column":27},"end":{"line":6,"column":66}},"4":{"start":{"line":7,"column":8},"end":{"line":7,"column":31}},"5":{"start":{"line":8,"column":8},"end":{"line":10,"column":9}},"6":{"start":{"line":9,"column":12},"end":{"line":9,"column":53}},"7":{"start":{"line":12,"column":8},"end":{"line":17,"column":9}},"8":{"start":{"line":13,"column":12},"end":{"line":13,"column":19}},"9":{"start":{"line":16,"column":12},"end":{"line":16,"column":40}},"10":{"start":{"line":20,"column":8},"end":{"line":20,"column":20}},"11":{"start":{"line":24,"column":0},"end":{"line":26,"column":1}}},"fnMap":{"0":{"name":"ownerAuthorization","decl":{"start":{"line":3,"column":15},"end":{"line":3,"column":33}},"loc":{"start":{"line":3,"column":50},"end":{"line":22,"column":1}},"line":3}},"branchMap":{"0":{"loc":{"start":{"line":8,"column":8},"end":{"line":10,"column":9}},"type":"if","locations":[{"start":{"line":8,"column":8},"end":{"line":10,"column":9}},{"start":{},"end":{}}],"line":8},"1":{"loc":{"start":{"line":12,"column":8},"end":{"line":17,"column":9}},"type":"if","locations":[{"start":{"line":12,"column":8},"end":{"line":17,"column":9}},{"start":{"line":15,"column":13},"end":{"line":17,"column":9}}],"line":12}},"s":{"0":3,"1":4,"2":4,"3":4,"4":4,"5":4,"6":1,"7":3,"8":2,"9":1,"10":2,"11":3},"f":{"0":4},"b":{"0":[1,3],"1":[2,1]},"_coverageSchema":"1a1c01bbd47fc00a2c39e90264f33305004495a9","hash":"9e6aca3d2c6c3a9a31a426edc9403e0a965b5360"}
,"/Users/weneville/Documents/Personal/Projects/Coding/Hactiv/ip-hck64-Wenev/server/middlewares/errorHandler.js": {"path":"/Users/weneville/Documents/Personal/Projects/Coding/Hactiv/ip-hck64-Wenev/server/middlewares/errorHandler.js","statementMap":{"0":{"start":{"line":2,"column":4},"end":{"line":2,"column":22}},"1":{"start":{"line":3,"column":4},"end":{"line":31,"column":5}},"2":{"start":{"line":7,"column":12},"end":{"line":7,"column":61}},"3":{"start":{"line":8,"column":12},"end":{"line":8,"column":18}},"4":{"start":{"line":10,"column":12},"end":{"line":10,"column":61}},"5":{"start":{"line":11,"column":12},"end":{"line":11,"column":18}},"6":{"start":{"line":14,"column":12},"end":{"line":14,"column":71}},"7":{"start":{"line":15,"column":12},"end":{"line":15,"column":18}},"8":{"start":{"line":17,"column":12},"end":{"line":17,"column":66}},"9":{"start":{"line":18,"column":12},"end":{"line":18,"column":18}},"10":{"start":{"line":21,"column":12},"end":{"line":21,"column":64}},"11":{"start":{"line":22,"column":12},"end":{"line":22,"column":18}},"12":{"start":{"line":24,"column":12},"end":{"line":27,"column":13}},"13":{"start":{"line":25,"column":16},"end":{"line":25,"column":67}},"14":{"start":{"line":26,"column":16},"end":{"line":26,"column":22}},"15":{"start":{"line":29,"column":12},"end":{"line":29,"column":70}},"16":{"start":{"line":30,"column":12},"end":{"line":30,"column":18}},"17":{"start":{"line":33,"column":0},"end":{"line":33,"column":30}}},"fnMap":{"0":{"name":"errorHandler","decl":{"start":{"line":1,"column":9},"end":{"line":1,"column":21}},"loc":{"start":{"line":1,"column":45},"end":{"line":32,"column":1}},"line":1}},"branchMap":{"0":{"loc":{"start":{"line":3,"column":4},"end":{"line":31,"column":5}},"type":"switch","locations":[{"start":{"line":4,"column":8},"end":{"line":4,"column":28}},{"start":{"line":5,"column":8},"end":{"line":5,"column":31}},{"start":{"line":6,"column":8},"end":{"line":8,"column":18}},{"start":{"line":9,"column":8},"end":{"line":11,"column":18}},{"start":{"line":12,"column":8},"end":{"line":12,"column":46}},{"start":{"line":13,"column":8},"end":{"line":15,"column":18}},{"start":{"line":16,"column":8},"end":{"line":18,"column":18}},{"start":{"line":19,"column":8},"end":{"line":19,"column":37}},{"start":{"line":20,"column":8},"end":{"line":22,"column":18}},{"start":{"line":23,"column":8},"end":{"line":27,"column":13}},{"start":{"line":28,"column":8},"end":{"line":30,"column":18}}],"line":3},"1":{"loc":{"start":{"line":24,"column":12},"end":{"line":27,"column":13}},"type":"if","locations":[{"start":{"line":24,"column":12},"end":{"line":27,"column":13}},{"start":{},"end":{}}],"line":24}},"s":{"0":27,"1":27,"2":10,"3":10,"4":3,"5":3,"6":8,"7":8,"8":1,"9":1,"10":4,"11":4,"12":1,"13":1,"14":1,"15":0,"16":0,"17":3},"f":{"0":27},"b":{"0":[4,6,10,3,2,8,1,0,4,1,0],"1":[1,0]},"_coverageSchema":"1a1c01bbd47fc00a2c39e90264f33305004495a9","hash":"ca3e83225b225418bc3f76a6ce4f07d1f5787db4"}
,"/Users/weneville/Documents/Personal/Projects/Coding/Hactiv/ip-hck64-Wenev/server/models/cardcollection.js": {"path":"/Users/weneville/Documents/Personal/Projects/Coding/Hactiv/ip-hck64-Wenev/server/models/cardcollection.js","statementMap":{"0":{"start":{"line":4,"column":4},"end":{"line":4,"column":24}},"1":{"start":{"line":5,"column":0},"end":{"line":70,"column":2}},"2":{"start":{"line":13,"column":6},"end":{"line":13,"column":50}},"3":{"start":{"line":16,"column":2},"end":{"line":68,"column":5}},"4":{"start":{"line":69,"column":2},"end":{"line":69,"column":24}}},"fnMap":{"0":{"name":"(anonymous_0)","decl":{"start":{"line":5,"column":17},"end":{"line":5,"column":18}},"loc":{"start":{"line":5,"column":43},"end":{"line":70,"column":1}},"line":5},"1":{"name":"(anonymous_1)","decl":{"start":{"line":12,"column":4},"end":{"line":12,"column":5}},"loc":{"start":{"line":12,"column":29},"end":{"line":14,"column":5}},"line":12}},"branchMap":{},"s":{"0":3,"1":3,"2":3,"3":3,"4":3},"f":{"0":3,"1":3},"b":{},"_coverageSchema":"1a1c01bbd47fc00a2c39e90264f33305004495a9","hash":"cba3ce4974f4e03602e3f8bcaba0692fe03a0471"}
,"/Users/weneville/Documents/Personal/Projects/Coding/Hactiv/ip-hck64-Wenev/server/models/collection.js": {"path":"/Users/weneville/Documents/Personal/Projects/Coding/Hactiv/ip-hck64-Wenev/server/models/collection.js","statementMap":{"0":{"start":{"line":4,"column":4},"end":{"line":4,"column":24}},"1":{"start":{"line":5,"column":0},"end":{"line":55,"column":2}},"2":{"start":{"line":13,"column":6},"end":{"line":13,"column":40}},"3":{"start":{"line":14,"column":6},"end":{"line":14,"column":63}},"4":{"start":{"line":17,"column":2},"end":{"line":53,"column":5}},"5":{"start":{"line":54,"column":2},"end":{"line":54,"column":20}}},"fnMap":{"0":{"name":"(anonymous_0)","decl":{"start":{"line":5,"column":17},"end":{"line":5,"column":18}},"loc":{"start":{"line":5,"column":43},"end":{"line":55,"column":1}},"line":5},"1":{"name":"(anonymous_1)","decl":{"start":{"line":12,"column":4},"end":{"line":12,"column":5}},"loc":{"start":{"line":12,"column":29},"end":{"line":15,"column":5}},"line":12}},"branchMap":{},"s":{"0":3,"1":3,"2":3,"3":3,"4":3,"5":3},"f":{"0":3,"1":3},"b":{},"_coverageSchema":"1a1c01bbd47fc00a2c39e90264f33305004495a9","hash":"0e50bde658989aae9025e04a4c3281a936fc96b3"}
,"/Users/weneville/Documents/Personal/Projects/Coding/Hactiv/ip-hck64-Wenev/server/models/index.js": {"path":"/Users/weneville/Documents/Personal/Projects/Coding/Hactiv/ip-hck64-Wenev/server/models/index.js","statementMap":{"0":{"start":{"line":3,"column":11},"end":{"line":3,"column":24}},"1":{"start":{"line":4,"column":13},"end":{"line":4,"column":28}},"2":{"start":{"line":5,"column":18},"end":{"line":5,"column":38}},"3":{"start":{"line":6,"column":16},"end":{"line":6,"column":34}},"4":{"start":{"line":7,"column":17},"end":{"line":7,"column":42}},"5":{"start":{"line":8,"column":12},"end":{"line":8,"column":49}},"6":{"start":{"line":9,"column":15},"end":{"line":9,"column":65}},"7":{"start":{"line":10,"column":11},"end":{"line":10,"column":13}},"8":{"start":{"line":13,"column":0},"end":{"line":17,"column":1}},"9":{"start":{"line":14,"column":2},"end":{"line":14,"column":74}},"10":{"start":{"line":16,"column":2},"end":{"line":16,"column":87}},"11":{"start":{"line":19,"column":0},"end":{"line":32,"column":5}},"12":{"start":{"line":22,"column":4},"end":{"line":27,"column":6}},"13":{"start":{"line":30,"column":18},"end":{"line":30,"column":85}},"14":{"start":{"line":31,"column":4},"end":{"line":31,"column":27}},"15":{"start":{"line":34,"column":0},"end":{"line":38,"column":3}},"16":{"start":{"line":35,"column":2},"end":{"line":37,"column":3}},"17":{"start":{"line":36,"column":4},"end":{"line":36,"column":32}},"18":{"start":{"line":40,"column":0},"end":{"line":40,"column":25}},"19":{"start":{"line":41,"column":0},"end":{"line":41,"column":25}},"20":{"start":{"line":43,"column":0},"end":{"line":43,"column":20}}},"fnMap":{"0":{"name":"(anonymous_0)","decl":{"start":{"line":21,"column":10},"end":{"line":21,"column":11}},"loc":{"start":{"line":21,"column":18},"end":{"line":28,"column":3}},"line":21},"1":{"name":"(anonymous_1)","decl":{"start":{"line":29,"column":11},"end":{"line":29,"column":12}},"loc":{"start":{"line":29,"column":19},"end":{"line":32,"column":3}},"line":29},"2":{"name":"(anonymous_2)","decl":{"start":{"line":34,"column":24},"end":{"line":34,"column":25}},"loc":{"start":{"line":34,"column":37},"end":{"line":38,"column":1}},"line":34}},"branchMap":{"0":{"loc":{"start":{"line":8,"column":12},"end":{"line":8,"column":49}},"type":"binary-expr","locations":[{"start":{"line":8,"column":12},"end":{"line":8,"column":32}},{"start":{"line":8,"column":36},"end":{"line":8,"column":49}}],"line":8},"1":{"loc":{"start":{"line":13,"column":0},"end":{"line":17,"column":1}},"type":"if","locations":[{"start":{"line":13,"column":0},"end":{"line":17,"column":1}},{"start":{"line":15,"column":7},"end":{"line":17,"column":1}}],"line":13},"2":{"loc":{"start":{"line":23,"column":6},"end":{"line":26,"column":37}},"type":"binary-expr","locations":[{"start":{"line":23,"column":6},"end":{"line":23,"column":29}},{"start":{"line":24,"column":6},"end":{"line":24,"column":23}},{"start":{"line":25,"column":6},"end":{"line":25,"column":30}},{"start":{"line":26,"column":6},"end":{"line":26,"column":37}}],"line":23},"3":{"loc":{"start":{"line":35,"column":2},"end":{"line":37,"column":3}},"type":"if","locations":[{"start":{"line":35,"column":2},"end":{"line":37,"column":3}},{"start":{},"end":{}}],"line":35}},"s":{"0":3,"1":3,"2":3,"3":3,"4":3,"5":3,"6":3,"7":3,"8":3,"9":0,"10":3,"11":3,"12":12,"13":9,"14":9,"15":3,"16":9,"17":9,"18":3,"19":3,"20":3},"f":{"0":12,"1":9,"2":9},"b":{"0":[3,0],"1":[0,3],"2":[12,12,9,9],"3":[9,0]},"_coverageSchema":"1a1c01bbd47fc00a2c39e90264f33305004495a9","hash":"a6e140f3e73cd086be74d88ed8528c3cc15c1525"}
,"/Users/weneville/Documents/Personal/Projects/Coding/Hactiv/ip-hck64-Wenev/server/models/user.js": {"path":"/Users/weneville/Documents/Personal/Projects/Coding/Hactiv/ip-hck64-Wenev/server/models/user.js","statementMap":{"0":{"start":{"line":6,"column":4},"end":{"line":6,"column":24}},"1":{"start":{"line":7,"column":21},"end":{"line":7,"column":52}},"2":{"start":{"line":8,"column":0},"end":{"line":118,"column":2}},"3":{"start":{"line":16,"column":6},"end":{"line":16,"column":38}},"4":{"start":{"line":19,"column":2},"end":{"line":113,"column":5}},"5":{"start":{"line":114,"column":2},"end":{"line":116,"column":5}},"6":{"start":{"line":115,"column":4},"end":{"line":115,"column":44}},"7":{"start":{"line":117,"column":2},"end":{"line":117,"column":14}}},"fnMap":{"0":{"name":"(anonymous_0)","decl":{"start":{"line":8,"column":17},"end":{"line":8,"column":18}},"loc":{"start":{"line":8,"column":43},"end":{"line":118,"column":1}},"line":8},"1":{"name":"(anonymous_1)","decl":{"start":{"line":15,"column":4},"end":{"line":15,"column":5}},"loc":{"start":{"line":15,"column":29},"end":{"line":17,"column":5}},"line":15},"2":{"name":"(anonymous_2)","decl":{"start":{"line":114,"column":20},"end":{"line":114,"column":21}},"loc":{"start":{"line":114,"column":30},"end":{"line":116,"column":3}},"line":114}},"branchMap":{},"s":{"0":3,"1":3,"2":3,"3":3,"4":3,"5":3,"6":7,"7":3},"f":{"0":3,"1":3,"2":7},"b":{},"_coverageSchema":"1a1c01bbd47fc00a2c39e90264f33305004495a9","hash":"7ad39cdfbae949df30549bc48e72cd797c3ae822"}
}
