TN:
SF:URLs.js
FNF:0
FNH:0
DA:1,1
DA:3,1
LF:2
LH:2
BRF:0
BRH:0
end_of_record
TN:
SF:app.js
FNF:0
FNH:0
DA:1,1
DA:2,1
DA:5,1
DA:6,1
DA:7,1
DA:8,1
DA:9,1
DA:10,1
DA:11,1
DA:12,1
DA:13,1
DA:14,1
DA:16,1
DA:17,1
DA:18,1
DA:20,1
DA:22,1
DA:24,1
DA:26,1
DA:28,1
DA:30,1
DA:32,1
DA:34,1
DA:36,1
DA:38,1
DA:40,1
DA:42,1
DA:44,1
DA:46,1
DA:48,1
LF:30
LH:30
BRDA:1,0,0,1
BRDA:1,0,1,0
BRDA:7,1,0,1
BRDA:7,1,1,1
BRF:4
BRH:3
end_of_record
TN:
SF:controllers/CardCollectionController.js
FN:7,(anonymous_0)
FN:42,(anonymous_1)
FN:59,(anonymous_2)
FN:92,(anonymous_3)
FNF:4
FNH:3
FNDA:6,(anonymous_0)
FNDA:1,(anonymous_1)
FNDA:1,(anonymous_2)
FNDA:0,(anonymous_3)
DA:1,1
DA:2,1
DA:3,1
DA:4,1
DA:8,6
DA:9,6
DA:11,6
DA:12,1
DA:15,5
DA:19,4
DA:21,4
DA:23,4
DA:25,4
DA:26,1
DA:29,3
DA:36,1
DA:39,5
DA:43,1
DA:44,1
DA:45,1
DA:47,1
DA:51,1
DA:53,1
DA:56,0
DA:60,1
DA:61,1
DA:63,1
DA:64,0
DA:67,1
DA:71,1
DA:73,1
DA:75,1
DA:86,1
DA:89,0
DA:93,0
DA:102,1
LF:36
LH:32
BRDA:11,0,0,1
BRDA:11,0,1,5
BRDA:25,1,0,1
BRDA:25,1,1,3
BRDA:63,2,0,0
BRDA:63,2,1,1
BRF:6
BRH:5
end_of_record
TN:
SF:controllers/CollectionController.js
FN:7,(anonymous_0)
FN:17,(anonymous_1)
FN:34,(anonymous_2)
FN:52,(anonymous_3)
FN:70,(anonymous_4)
FN:85,(anonymous_5)
FN:107,(anonymous_6)
FNF:7
FNH:0
FNDA:0,(anonymous_0)
FNDA:0,(anonymous_1)
FNDA:0,(anonymous_2)
FNDA:0,(anonymous_3)
FNDA:0,(anonymous_4)
FNDA:0,(anonymous_5)
FNDA:0,(anonymous_6)
DA:1,1
DA:2,1
DA:3,1
DA:4,1
DA:8,0
DA:9,0
DA:11,0
DA:14,0
DA:18,0
DA:19,0
DA:20,0
DA:22,0
DA:28,0
DA:31,0
DA:35,0
DA:36,0
DA:38,0
DA:40,0
DA:41,0
DA:44,0
DA:46,0
DA:49,0
DA:53,0
DA:54,0
DA:56,0
DA:66,0
DA:67,0
DA:70,0
DA:71,0
DA:75,0
DA:76,0
DA:79,0
DA:82,0
DA:86,0
DA:87,0
DA:88,0
DA:89,0
DA:90,0
DA:101,0
DA:104,0
DA:108,0
DA:117,1
LF:42
LH:5
BRDA:40,0,0,0
BRDA:40,0,1,0
BRDA:66,1,0,0
BRDA:66,1,1,0
BRF:4
BRH:0
end_of_record
TN:
SF:controllers/UserController.js
FN:6,(anonymous_0)
FN:23,(anonymous_1)
FNF:2
FNH:0
FNDA:0,(anonymous_0)
FNDA:0,(anonymous_1)
DA:1,1
DA:2,1
DA:3,1
DA:7,0
DA:8,0
DA:9,0
DA:17,0
DA:20,0
DA:24,0
DA:25,0
DA:27,0
DA:28,0
DA:31,0
DA:32,0
DA:36,0
DA:37,0
DA:39,0
DA:40,0
DA:43,0
DA:44,0
DA:47,0
DA:48,0
DA:49,0
DA:52,0
DA:54,0
DA:57,0
DA:58,0
DA:60,0
DA:61,0
DA:63,0
DA:68,1
LF:31
LH:4
BRDA:27,0,0,0
BRDA:27,0,1,0
BRDA:27,1,0,0
BRDA:27,1,1,0
BRDA:31,2,0,0
BRDA:31,2,1,0
BRDA:36,3,0,0
BRDA:36,3,1,0
BRDA:39,4,0,0
BRDA:39,4,1,0
BRDA:43,5,0,0
BRDA:43,5,1,0
BRDA:48,6,0,0
BRDA:48,6,1,0
BRDA:57,7,0,0
BRDA:57,7,1,0
BRDA:60,8,0,0
BRDA:60,8,1,0
BRF:18
BRH:0
end_of_record
TN:
SF:helpers/bcrypt.js
FN:3,hashPass
FN:7,comparePass
FNF:2
FNH:1
FNDA:2,hashPass
FNDA:0,comparePass
DA:1,1
DA:4,2
DA:8,0
DA:11,1
LF:4
LH:3
BRF:0
BRH:0
end_of_record
TN:
SF:helpers/delay.js
FN:1,delay
FN:2,(anonymous_1)
FNF:2
FNH:2
FNDA:6,delay
FNDA:6,(anonymous_1)
DA:2,6
DA:3,6
DA:7,1
LF:3
LH:3
BRF:0
BRH:0
end_of_record
TN:
SF:helpers/jwt.js
FN:4,createToken
FN:8,decodeToken
FNF:2
FNH:2
FNDA:2,createToken
FNDA:11,decodeToken
DA:1,1
DA:2,1
DA:5,2
DA:9,11
DA:12,1
LF:5
LH:5
BRF:0
BRH:0
end_of_record
TN:
SF:middlewares/authentication.js
FN:4,authentication
FNF:1
FNH:1
FNDA:13,authentication
DA:1,1
DA:2,1
DA:5,13
DA:6,13
DA:7,13
DA:8,2
DA:10,11
DA:11,11
DA:12,0
DA:14,11
DA:15,0
DA:18,11
DA:20,11
DA:21,9
DA:22,9
DA:23,0
DA:26,9
DA:27,9
DA:30,4
DA:34,1
LF:20
LH:17
BRDA:7,0,0,2
BRDA:7,0,1,11
BRDA:11,1,0,0
BRDA:11,1,1,11
BRDA:14,2,0,0
BRDA:14,2,1,11
BRDA:22,3,0,0
BRDA:22,3,1,9
BRF:8
BRH:5
end_of_record
TN:
SF:middlewares/authorization.js
FN:3,ownerAuthorization
FNF:1
FNH:1
FNDA:2,ownerAuthorization
DA:1,1
DA:4,2
DA:5,2
DA:6,2
DA:8,2
DA:9,0
DA:12,2
DA:13,1
DA:16,1
DA:20,1
DA:24,1
LF:11
LH:10
BRDA:8,0,0,0
BRDA:8,0,1,2
BRDA:12,1,0,1
BRDA:12,1,1,1
BRF:4
BRH:3
end_of_record
TN:
SF:middlewares/errorHandler.js
FN:1,errorHandler
FNF:1
FNH:1
FNDA:10,errorHandler
DA:2,10
DA:3,10
DA:7,4
DA:8,4
DA:10,1
DA:11,1
DA:14,2
DA:15,2
DA:17,1
DA:18,1
DA:21,1
DA:22,1
DA:24,1
DA:25,1
DA:26,1
DA:29,0
DA:30,0
DA:33,1
LF:18
LH:16
BRDA:3,0,0,2
BRDA:3,0,1,2
BRDA:3,0,2,4
BRDA:3,0,3,1
BRDA:3,0,4,0
BRDA:3,0,5,2
BRDA:3,0,6,1
BRDA:3,0,7,0
BRDA:3,0,8,1
BRDA:3,0,9,1
BRDA:3,0,10,0
BRDA:24,1,0,1
BRDA:24,1,1,0
BRF:13
BRH:9
end_of_record
TN:
SF:models/cardcollection.js
FN:5,(anonymous_0)
FN:12,(anonymous_1)
FNF:2
FNH:2
FNDA:1,(anonymous_0)
FNDA:1,(anonymous_1)
DA:4,1
DA:5,1
DA:13,1
DA:16,1
DA:69,1
LF:5
LH:5
BRF:0
BRH:0
end_of_record
TN:
SF:models/collection.js
FN:5,(anonymous_0)
FN:12,(anonymous_1)
FNF:2
FNH:2
FNDA:1,(anonymous_0)
FNDA:1,(anonymous_1)
DA:4,1
DA:5,1
DA:13,1
DA:14,1
DA:17,1
DA:54,1
LF:6
LH:6
BRF:0
BRH:0
end_of_record
TN:
SF:models/index.js
FN:21,(anonymous_0)
FN:29,(anonymous_1)
FN:34,(anonymous_2)
FNF:3
FNH:3
FNDA:4,(anonymous_0)
FNDA:3,(anonymous_1)
FNDA:3,(anonymous_2)
DA:3,1
DA:4,1
DA:5,1
DA:6,1
DA:7,1
DA:8,1
DA:9,1
DA:10,1
DA:13,1
DA:14,0
DA:16,1
DA:19,1
DA:22,4
DA:30,3
DA:31,3
DA:34,1
DA:35,3
DA:36,3
DA:40,1
DA:41,1
DA:43,1
LF:21
LH:20
BRDA:8,0,0,1
BRDA:8,0,1,0
BRDA:13,1,0,0
BRDA:13,1,1,1
BRDA:23,2,0,4
BRDA:23,2,1,4
BRDA:23,2,2,3
BRDA:23,2,3,3
BRDA:35,3,0,3
BRDA:35,3,1,0
BRF:10
BRH:7
end_of_record
TN:
SF:models/user.js
FN:8,(anonymous_0)
FN:15,(anonymous_1)
FN:114,(anonymous_2)
FNF:3
FNH:3
FNDA:1,(anonymous_0)
FNDA:1,(anonymous_1)
FNDA:2,(anonymous_2)
DA:6,1
DA:7,1
DA:8,1
DA:16,1
DA:19,1
DA:114,1
DA:115,2
DA:117,1
LF:8
LH:8
BRF:0
BRH:0
end_of_record
